This is pdfTeX, Version 3.14159265-2.6-1.40.18 (TeX Live 2017/Debian) (preloaded format=pdflatex 2019.10.17)  23 FEB 2020 10:34
entering extended mode
 \write18 enabled.
 %&-line parsing enabled.
**doc.tex
(./doc.tex
LaTeX2e <2017-04-15>
Babel <3.18> and hyphenation patterns for 56 language(s) loaded.
(/usr/share/texlive/texmf-dist/tex/latex/base/article.cls
Document Class: article 2014/09/29 v1.4h Standard LaTeX document class
(/usr/share/texlive/texmf-dist/tex/latex/base/size12.clo
File: size12.clo 2014/09/29 v1.4h Standard LaTeX file (size option)
)
\c@part=\count79
\c@section=\count80
\c@subsection=\count81
\c@subsubsection=\count82
\c@paragraph=\count83
\c@subparagraph=\count84
\c@figure=\count85
\c@table=\count86
\abovecaptionskip=\skip41
\belowcaptionskip=\skip42
\bibindent=\dimen102
)
(/usr/share/texlive/texmf-dist/tex/latex/amsmath/amsmath.sty
Package: amsmath 2017/09/02 v2.17a AMS math features
\@mathmargin=\skip43

For additional information on amsmath, use the `?' option.
(/usr/share/texlive/texmf-dist/tex/latex/amsmath/amstext.sty
Package: amstext 2000/06/29 v2.01 AMS text

(/usr/share/texlive/texmf-dist/tex/latex/amsmath/amsgen.sty
File: amsgen.sty 1999/11/30 v2.0 generic functions
\@emptytoks=\toks14
\ex@=\dimen103
))
(/usr/share/texlive/texmf-dist/tex/latex/amsmath/amsbsy.sty
Package: amsbsy 1999/11/29 v1.2d Bold Symbols
\pmbraise@=\dimen104
)
(/usr/share/texlive/texmf-dist/tex/latex/amsmath/amsopn.sty
Package: amsopn 2016/03/08 v2.02 operator names
)
\inf@bad=\count87
LaTeX Info: Redefining \frac on input line 213.
\uproot@=\count88
\leftroot@=\count89
LaTeX Info: Redefining \overline on input line 375.
\classnum@=\count90
\DOTSCASE@=\count91
LaTeX Info: Redefining \ldots on input line 472.
LaTeX Info: Redefining \dots on input line 475.
LaTeX Info: Redefining \cdots on input line 596.
\Mathstrutbox@=\box26
\strutbox@=\box27
\big@size=\dimen105
LaTeX Font Info:    Redeclaring font encoding OML on input line 712.
LaTeX Font Info:    Redeclaring font encoding OMS on input line 713.
\macc@depth=\count92
\c@MaxMatrixCols=\count93
\dotsspace@=\muskip10
\c@parentequation=\count94
\dspbrk@lvl=\count95
\tag@help=\toks15
\row@=\count96
\column@=\count97
\maxfields@=\count98
\andhelp@=\toks16
\eqnshift@=\dimen106
\alignsep@=\dimen107
\tagshift@=\dimen108
\tagwidth@=\dimen109
\totwidth@=\dimen110
\lineht@=\dimen111
\@envbody=\toks17
\multlinegap=\skip44
\multlinetaggap=\skip45
\mathdisplay@stack=\toks18
LaTeX Info: Redefining \[ on input line 2817.
LaTeX Info: Redefining \] on input line 2818.
)
(/usr/share/texlive/texmf-dist/tex/latex/amsfonts/amsfonts.sty
Package: amsfonts 2013/01/14 v3.01 Basic AMSFonts support
\symAMSa=\mathgroup4
\symAMSb=\mathgroup5
LaTeX Font Info:    Overwriting math alphabet `\mathfrak' in version `bold'
(Font)                  U/euf/m/n --> U/euf/b/n on input line 106.
)
(/usr/share/texlive/texmf-dist/tex/latex/amsfonts/amssymb.sty
Package: amssymb 2013/01/14 v3.01 AMS font symbols
)
(/usr/share/texlive/texmf-dist/tex/latex/graphics/graphicx.sty
Package: graphicx 2017/06/01 v1.1a Enhanced LaTeX Graphics (DPC,SPQR)

(/usr/share/texlive/texmf-dist/tex/latex/graphics/keyval.sty
Package: keyval 2014/10/28 v1.15 key=value parser (DPC)
\KV@toks@=\toks19
)
(/usr/share/texlive/texmf-dist/tex/latex/graphics/graphics.sty
Package: graphics 2017/06/25 v1.2c Standard LaTeX Graphics (DPC,SPQR)

(/usr/share/texlive/texmf-dist/tex/latex/graphics/trig.sty
Package: trig 2016/01/03 v1.10 sin cos tan (DPC)
)
(/usr/share/texlive/texmf-dist/tex/latex/graphics-cfg/graphics.cfg
File: graphics.cfg 2016/06/04 v1.11 sample graphics configuration
)
Package graphics Info: Driver file: pdftex.def on input line 99.

(/usr/share/texlive/texmf-dist/tex/latex/graphics-def/pdftex.def
File: pdftex.def 2018/01/08 v1.0l Graphics/color driver for pdftex
))
\Gin@req@height=\dimen112
\Gin@req@width=\dimen113
)
(/usr/share/texlive/texmf-dist/tex/latex/float/float.sty
Package: float 2001/11/08 v1.3d Float enhancements (AL)
\c@float@type=\count99
\float@exts=\toks20
\float@box=\box28
\@float@everytoks=\toks21
\@floatcapt=\box29
)
(/usr/share/texlive/texmf-dist/tex/latex/listings/listings.sty
\lst@mode=\count100
\lst@gtempboxa=\box30
\lst@token=\toks22
\lst@length=\count101
\lst@currlwidth=\dimen114
\lst@column=\count102
\lst@pos=\count103
\lst@lostspace=\dimen115
\lst@width=\dimen116
\lst@newlines=\count104
\lst@lineno=\count105
\lst@maxwidth=\dimen117

(/usr/share/texlive/texmf-dist/tex/latex/listings/lstmisc.sty
File: lstmisc.sty 2015/06/04 1.6 (Carsten Heinz)
\c@lstnumber=\count106
\lst@skipnumbers=\count107
\lst@framebox=\box31
)
(/usr/share/texlive/texmf-dist/tex/latex/listings/listings.cfg
File: listings.cfg 2015/06/04 1.6 listings configuration
))
Package: listings 2015/06/04 1.6 (Carsten Heinz)

(/usr/share/texlive/texmf-dist/tex/latex/graphics/rotating.sty
Package: rotating 2016/08/11 v2.16d rotated objects in LaTeX

(/usr/share/texlive/texmf-dist/tex/latex/base/ifthen.sty
Package: ifthen 2014/09/29 v1.1c Standard LaTeX ifthen package (DPC)
)
\c@r@tfl@t=\count108
\rotFPtop=\skip46
\rotFPbot=\skip47
\rot@float@box=\box32
\rot@mess@toks=\toks23
)
(/usr/share/texlive/texmf-dist/tex/latex/pgf/frontendlayer/tikz.sty
(/usr/share/texlive/texmf-dist/tex/latex/pgf/basiclayer/pgf.sty
(/usr/share/texlive/texmf-dist/tex/latex/pgf/utilities/pgfrcs.sty
(/usr/share/texlive/texmf-dist/tex/generic/pgf/utilities/pgfutil-common.tex
\pgfutil@everybye=\toks24
\pgfutil@tempdima=\dimen118
\pgfutil@tempdimb=\dimen119

(/usr/share/texlive/texmf-dist/tex/generic/pgf/utilities/pgfutil-common-lists.t
ex)) (/usr/share/texlive/texmf-dist/tex/generic/pgf/utilities/pgfutil-latex.def
\pgfutil@abb=\box33
(/usr/share/texlive/texmf-dist/tex/latex/ms/everyshi.sty
Package: everyshi 2001/05/15 v3.00 EveryShipout Package (MS)
))
(/usr/share/texlive/texmf-dist/tex/generic/pgf/utilities/pgfrcs.code.tex
Package: pgfrcs 2015/08/07 v3.0.1a (rcs-revision 1.31)
))
Package: pgf 2015/08/07 v3.0.1a (rcs-revision 1.15)

(/usr/share/texlive/texmf-dist/tex/latex/pgf/basiclayer/pgfcore.sty
(/usr/share/texlive/texmf-dist/tex/latex/pgf/systemlayer/pgfsys.sty
(/usr/share/texlive/texmf-dist/tex/generic/pgf/systemlayer/pgfsys.code.tex
Package: pgfsys 2014/07/09 v3.0.1a (rcs-revision 1.48)

(/usr/share/texlive/texmf-dist/tex/generic/pgf/utilities/pgfkeys.code.tex
\pgfkeys@pathtoks=\toks25
\pgfkeys@temptoks=\toks26

(/usr/share/texlive/texmf-dist/tex/generic/pgf/utilities/pgfkeysfiltered.code.t
ex
\pgfkeys@tmptoks=\toks27
))
\pgf@x=\dimen120
\pgf@y=\dimen121
\pgf@xa=\dimen122
\pgf@ya=\dimen123
\pgf@xb=\dimen124
\pgf@yb=\dimen125
\pgf@xc=\dimen126
\pgf@yc=\dimen127
\w@pgf@writea=\write3
\r@pgf@reada=\read1
\c@pgf@counta=\count109
\c@pgf@countb=\count110
\c@pgf@countc=\count111
\c@pgf@countd=\count112
\t@pgf@toka=\toks28
\t@pgf@tokb=\toks29
\t@pgf@tokc=\toks30
 (/usr/share/texlive/texmf-dist/tex/generic/pgf/systemlayer/pgf.cfg
File: pgf.cfg 2008/05/14  (rcs-revision 1.7)
)
Driver file for pgf: pgfsys-pdftex.def

(/usr/share/texlive/texmf-dist/tex/generic/pgf/systemlayer/pgfsys-pdftex.def
File: pgfsys-pdftex.def 2014/10/11  (rcs-revision 1.35)

(/usr/share/texlive/texmf-dist/tex/generic/pgf/systemlayer/pgfsys-common-pdf.de
f
File: pgfsys-common-pdf.def 2013/10/10  (rcs-revision 1.13)
)))
(/usr/share/texlive/texmf-dist/tex/generic/pgf/systemlayer/pgfsyssoftpath.code.
tex
File: pgfsyssoftpath.code.tex 2013/09/09  (rcs-revision 1.9)
\pgfsyssoftpath@smallbuffer@items=\count113
\pgfsyssoftpath@bigbuffer@items=\count114
)
(/usr/share/texlive/texmf-dist/tex/generic/pgf/systemlayer/pgfsysprotocol.code.
tex
File: pgfsysprotocol.code.tex 2006/10/16  (rcs-revision 1.4)
)) (/usr/share/texlive/texmf-dist/tex/latex/xcolor/xcolor.sty
Package: xcolor 2016/05/11 v2.12 LaTeX color extensions (UK)

(/usr/share/texlive/texmf-dist/tex/latex/graphics-cfg/color.cfg
File: color.cfg 2016/01/02 v1.6 sample color configuration
)
Package xcolor Info: Driver file: pdftex.def on input line 225.
Package xcolor Info: Model `cmy' substituted by `cmy0' on input line 1348.
Package xcolor Info: Model `hsb' substituted by `rgb' on input line 1352.
Package xcolor Info: Model `RGB' extended on input line 1364.
Package xcolor Info: Model `HTML' substituted by `rgb' on input line 1366.
Package xcolor Info: Model `Hsb' substituted by `hsb' on input line 1367.
Package xcolor Info: Model `tHsb' substituted by `hsb' on input line 1368.
Package xcolor Info: Model `HSB' substituted by `hsb' on input line 1369.
Package xcolor Info: Model `Gray' substituted by `gray' on input line 1370.
Package xcolor Info: Model `wave' substituted by `hsb' on input line 1371.
)
(/usr/share/texlive/texmf-dist/tex/generic/pgf/basiclayer/pgfcore.code.tex
Package: pgfcore 2010/04/11 v3.0.1a (rcs-revision 1.7)

(/usr/share/texlive/texmf-dist/tex/generic/pgf/math/pgfmath.code.tex
(/usr/share/texlive/texmf-dist/tex/generic/pgf/math/pgfmathcalc.code.tex
(/usr/share/texlive/texmf-dist/tex/generic/pgf/math/pgfmathutil.code.tex)
(/usr/share/texlive/texmf-dist/tex/generic/pgf/math/pgfmathparser.code.tex
\pgfmath@dimen=\dimen128
\pgfmath@count=\count115
\pgfmath@box=\box34
\pgfmath@toks=\toks31
\pgfmath@stack@operand=\toks32
\pgfmath@stack@operation=\toks33
)
(/usr/share/texlive/texmf-dist/tex/generic/pgf/math/pgfmathfunctions.code.tex
(/usr/share/texlive/texmf-dist/tex/generic/pgf/math/pgfmathfunctions.basic.code
.tex)
(/usr/share/texlive/texmf-dist/tex/generic/pgf/math/pgfmathfunctions.trigonomet
ric.code.tex)
(/usr/share/texlive/texmf-dist/tex/generic/pgf/math/pgfmathfunctions.random.cod
e.tex)
(/usr/share/texlive/texmf-dist/tex/generic/pgf/math/pgfmathfunctions.comparison
.code.tex)
(/usr/share/texlive/texmf-dist/tex/generic/pgf/math/pgfmathfunctions.base.code.
tex)
(/usr/share/texlive/texmf-dist/tex/generic/pgf/math/pgfmathfunctions.round.code
.tex)
(/usr/share/texlive/texmf-dist/tex/generic/pgf/math/pgfmathfunctions.misc.code.
tex)
(/usr/share/texlive/texmf-dist/tex/generic/pgf/math/pgfmathfunctions.integerari
thmetics.code.tex)))
(/usr/share/texlive/texmf-dist/tex/generic/pgf/math/pgfmathfloat.code.tex
\c@pgfmathroundto@lastzeros=\count116
))
(/usr/share/texlive/texmf-dist/tex/generic/pgf/basiclayer/pgfcorepoints.code.te
x
File: pgfcorepoints.code.tex 2013/10/07  (rcs-revision 1.27)
\pgf@picminx=\dimen129
\pgf@picmaxx=\dimen130
\pgf@picminy=\dimen131
\pgf@picmaxy=\dimen132
\pgf@pathminx=\dimen133
\pgf@pathmaxx=\dimen134
\pgf@pathminy=\dimen135
\pgf@pathmaxy=\dimen136
\pgf@xx=\dimen137
\pgf@xy=\dimen138
\pgf@yx=\dimen139
\pgf@yy=\dimen140
\pgf@zx=\dimen141
\pgf@zy=\dimen142
)
(/usr/share/texlive/texmf-dist/tex/generic/pgf/basiclayer/pgfcorepathconstruct.
code.tex
File: pgfcorepathconstruct.code.tex 2013/10/07  (rcs-revision 1.29)
\pgf@path@lastx=\dimen143
\pgf@path@lasty=\dimen144
)
(/usr/share/texlive/texmf-dist/tex/generic/pgf/basiclayer/pgfcorepathusage.code
.tex
File: pgfcorepathusage.code.tex 2014/11/02  (rcs-revision 1.24)
\pgf@shorten@end@additional=\dimen145
\pgf@shorten@start@additional=\dimen146
)
(/usr/share/texlive/texmf-dist/tex/generic/pgf/basiclayer/pgfcorescopes.code.te
x
File: pgfcorescopes.code.tex 2015/05/08  (rcs-revision 1.46)
\pgfpic=\box35
\pgf@hbox=\box36
\pgf@layerbox@main=\box37
\pgf@picture@serial@count=\count117
)
(/usr/share/texlive/texmf-dist/tex/generic/pgf/basiclayer/pgfcoregraphicstate.c
ode.tex
File: pgfcoregraphicstate.code.tex 2014/11/02  (rcs-revision 1.12)
\pgflinewidth=\dimen147
)
(/usr/share/texlive/texmf-dist/tex/generic/pgf/basiclayer/pgfcoretransformation
s.code.tex
File: pgfcoretransformations.code.tex 2015/08/07  (rcs-revision 1.20)
\pgf@pt@x=\dimen148
\pgf@pt@y=\dimen149
\pgf@pt@temp=\dimen150
)
(/usr/share/texlive/texmf-dist/tex/generic/pgf/basiclayer/pgfcorequick.code.tex
File: pgfcorequick.code.tex 2008/10/09  (rcs-revision 1.3)
)
(/usr/share/texlive/texmf-dist/tex/generic/pgf/basiclayer/pgfcoreobjects.code.t
ex
File: pgfcoreobjects.code.tex 2006/10/11  (rcs-revision 1.2)
)
(/usr/share/texlive/texmf-dist/tex/generic/pgf/basiclayer/pgfcorepathprocessing
.code.tex
File: pgfcorepathprocessing.code.tex 2013/09/09  (rcs-revision 1.9)
)
(/usr/share/texlive/texmf-dist/tex/generic/pgf/basiclayer/pgfcorearrows.code.te
x
File: pgfcorearrows.code.tex 2015/05/14  (rcs-revision 1.43)
\pgfarrowsep=\dimen151
)
(/usr/share/texlive/texmf-dist/tex/generic/pgf/basiclayer/pgfcoreshade.code.tex
File: pgfcoreshade.code.tex 2013/07/15  (rcs-revision 1.15)
\pgf@max=\dimen152
\pgf@sys@shading@range@num=\count118
)
(/usr/share/texlive/texmf-dist/tex/generic/pgf/basiclayer/pgfcoreimage.code.tex
File: pgfcoreimage.code.tex 2013/07/15  (rcs-revision 1.18)

(/usr/share/texlive/texmf-dist/tex/generic/pgf/basiclayer/pgfcoreexternal.code.
tex
File: pgfcoreexternal.code.tex 2014/07/09  (rcs-revision 1.21)
\pgfexternal@startupbox=\box38
))
(/usr/share/texlive/texmf-dist/tex/generic/pgf/basiclayer/pgfcorelayers.code.te
x
File: pgfcorelayers.code.tex 2013/07/18  (rcs-revision 1.7)
)
(/usr/share/texlive/texmf-dist/tex/generic/pgf/basiclayer/pgfcoretransparency.c
ode.tex
File: pgfcoretransparency.code.tex 2013/09/30  (rcs-revision 1.5)
)
(/usr/share/texlive/texmf-dist/tex/generic/pgf/basiclayer/pgfcorepatterns.code.
tex
File: pgfcorepatterns.code.tex 2013/11/07  (rcs-revision 1.5)
)))
(/usr/share/texlive/texmf-dist/tex/generic/pgf/modules/pgfmoduleshapes.code.tex
File: pgfmoduleshapes.code.tex 2014/03/21  (rcs-revision 1.35)
\pgfnodeparttextbox=\box39
) (/usr/share/texlive/texmf-dist/tex/generic/pgf/modules/pgfmoduleplot.code.tex
File: pgfmoduleplot.code.tex 2015/08/03  (rcs-revision 1.13)
)
(/usr/share/texlive/texmf-dist/tex/latex/pgf/compatibility/pgfcomp-version-0-65
.sty
Package: pgfcomp-version-0-65 2007/07/03 v3.0.1a (rcs-revision 1.7)
\pgf@nodesepstart=\dimen153
\pgf@nodesepend=\dimen154
)
(/usr/share/texlive/texmf-dist/tex/latex/pgf/compatibility/pgfcomp-version-1-18
.sty
Package: pgfcomp-version-1-18 2007/07/23 v3.0.1a (rcs-revision 1.1)
)) (/usr/share/texlive/texmf-dist/tex/latex/pgf/utilities/pgffor.sty
(/usr/share/texlive/texmf-dist/tex/latex/pgf/utilities/pgfkeys.sty
(/usr/share/texlive/texmf-dist/tex/generic/pgf/utilities/pgfkeys.code.tex))
(/usr/share/texlive/texmf-dist/tex/latex/pgf/math/pgfmath.sty
(/usr/share/texlive/texmf-dist/tex/generic/pgf/math/pgfmath.code.tex))
(/usr/share/texlive/texmf-dist/tex/generic/pgf/utilities/pgffor.code.tex
Package: pgffor 2013/12/13 v3.0.1a (rcs-revision 1.25)

(/usr/share/texlive/texmf-dist/tex/generic/pgf/math/pgfmath.code.tex)
\pgffor@iter=\dimen155
\pgffor@skip=\dimen156
\pgffor@stack=\toks34
\pgffor@toks=\toks35
))
(/usr/share/texlive/texmf-dist/tex/generic/pgf/frontendlayer/tikz/tikz.code.tex
Package: tikz 2015/08/07 v3.0.1a (rcs-revision 1.151)

(/usr/share/texlive/texmf-dist/tex/generic/pgf/libraries/pgflibraryplothandlers
.code.tex
File: pgflibraryplothandlers.code.tex 2013/08/31 v3.0.1a (rcs-revision 1.20)
\pgf@plot@mark@count=\count119
\pgfplotmarksize=\dimen157
)
\tikz@lastx=\dimen158
\tikz@lasty=\dimen159
\tikz@lastxsaved=\dimen160
\tikz@lastysaved=\dimen161
\tikzleveldistance=\dimen162
\tikzsiblingdistance=\dimen163
\tikz@figbox=\box40
\tikz@figbox@bg=\box41
\tikz@tempbox=\box42
\tikz@tempbox@bg=\box43
\tikztreelevel=\count120
\tikznumberofchildren=\count121
\tikznumberofcurrentchild=\count122
\tikz@fig@count=\count123

(/usr/share/texlive/texmf-dist/tex/generic/pgf/modules/pgfmodulematrix.code.tex
File: pgfmodulematrix.code.tex 2013/09/17  (rcs-revision 1.8)
\pgfmatrixcurrentrow=\count124
\pgfmatrixcurrentcolumn=\count125
\pgf@matrix@numberofcolumns=\count126
)
\tikz@expandcount=\count127

(/usr/share/texlive/texmf-dist/tex/generic/pgf/frontendlayer/tikz/libraries/tik
zlibrarytopaths.code.tex
File: tikzlibrarytopaths.code.tex 2008/06/17 v3.0.1a (rcs-revision 1.2)
)))
(/usr/share/texlive/texmf-dist/tex/latex/tools/verbatim.sty
Package: verbatim 2014/10/28 v1.5q LaTeX2e package for verbatim enhancements
\every@verbatim=\toks36
\verbatim@line=\toks37
\verbatim@in@stream=\read2
){/var/lib/texmf/fonts/map/pdftex/updmap/pdftex.map}{Unicode.sfd} (./doc.aux)
\openout1 = `doc.aux'.

LaTeX Font Info:    Checking defaults for OML/cmm/m/it on input line 15.
LaTeX Font Info:    ... okay on input line 15.
LaTeX Font Info:    Checking defaults for T1/cmr/m/n on input line 15.
LaTeX Font Info:    ... okay on input line 15.
LaTeX Font Info:    Checking defaults for OT1/cmr/m/n on input line 15.
LaTeX Font Info:    ... okay on input line 15.
LaTeX Font Info:    Checking defaults for OMS/cmsy/m/n on input line 15.
LaTeX Font Info:    ... okay on input line 15.
LaTeX Font Info:    Checking defaults for OMX/cmex/m/n on input line 15.
LaTeX Font Info:    ... okay on input line 15.
LaTeX Font Info:    Checking defaults for U/cmr/m/n on input line 15.
LaTeX Font Info:    ... okay on input line 15.

(/usr/share/texlive/texmf-dist/tex/context/base/mkii/supp-pdf.mkii
[Loading MPS to PDF converter (version 2006.09.02).]
\scratchcounter=\count128
\scratchdimen=\dimen164
\scratchbox=\box44
\nofMPsegments=\count129
\nofMParguments=\count130
\everyMPshowfont=\toks38
\MPscratchCnt=\count131
\MPscratchDim=\dimen165
\MPnumerator=\count132
\makeMPintoPDFobject=\count133
\everyMPtoPDFconversion=\toks39
) (/usr/share/texlive/texmf-dist/tex/latex/oberdiek/epstopdf-base.sty
Package: epstopdf-base 2016/05/15 v2.6 Base part for package epstopdf

(/usr/share/texlive/texmf-dist/tex/generic/oberdiek/infwarerr.sty
Package: infwarerr 2016/05/16 v1.4 Providing info/warning/error messages (HO)
)
(/usr/share/texlive/texmf-dist/tex/latex/oberdiek/grfext.sty
Package: grfext 2016/05/16 v1.2 Manage graphics extensions (HO)

(/usr/share/texlive/texmf-dist/tex/generic/oberdiek/kvdefinekeys.sty
Package: kvdefinekeys 2016/05/16 v1.4 Define keys (HO)

(/usr/share/texlive/texmf-dist/tex/generic/oberdiek/ltxcmds.sty
Package: ltxcmds 2016/05/16 v1.23 LaTeX kernel commands for general use (HO)
)))
(/usr/share/texlive/texmf-dist/tex/latex/oberdiek/kvoptions.sty
Package: kvoptions 2016/05/16 v3.12 Key value format for package options (HO)

(/usr/share/texlive/texmf-dist/tex/generic/oberdiek/kvsetkeys.sty
Package: kvsetkeys 2016/05/16 v1.17 Key value parser (HO)

(/usr/share/texlive/texmf-dist/tex/generic/oberdiek/etexcmds.sty
Package: etexcmds 2016/05/16 v1.6 Avoid name clashes with e-TeX commands (HO)

(/usr/share/texlive/texmf-dist/tex/generic/oberdiek/ifluatex.sty
Package: ifluatex 2016/05/16 v1.4 Provides the ifluatex switch (HO)
Package ifluatex Info: LuaTeX not detected.
)
Package etexcmds Info: Could not find \expanded.
(etexcmds)             That can mean that you are not using pdfTeX 1.50 or
(etexcmds)             that some package has redefined \expanded.
(etexcmds)             In the latter case, load this package earlier.
)))
(/usr/share/texlive/texmf-dist/tex/generic/oberdiek/pdftexcmds.sty
Package: pdftexcmds 2018/01/21 v0.26 Utility functions of pdfTeX for LuaTeX (HO
)

(/usr/share/texlive/texmf-dist/tex/generic/oberdiek/ifpdf.sty
Package: ifpdf 2017/03/15 v3.2 Provides the ifpdf switch
)
Package pdftexcmds Info: LuaTeX not detected.
Package pdftexcmds Info: \pdf@primitive is available.
Package pdftexcmds Info: \pdf@ifprimitive is available.
Package pdftexcmds Info: \pdfdraftmode found.
)
Package epstopdf-base Info: Redefining graphics rule for `.eps' on input line 4
38.
Package grfext Info: Graphics extension search list:
(grfext)             [.pdf,.png,.jpg,.mps,.jpeg,.jbig2,.jb2,.PDF,.PNG,.JPG,.JPE
G,.JBIG2,.JB2,.eps]
(grfext)             \AppendGraphicsExtensions on input line 456.

(/usr/share/texlive/texmf-dist/tex/latex/latexconfig/epstopdf-sys.cfg
File: epstopdf-sys.cfg 2010/07/13 v1.3 Configuration of (r)epstopdf for TeX Liv
e
))
\c@lstlisting=\count134

ABD: EveryShipout initializing macros
LaTeX Font Info:    Try loading font information for U+msa on input line 20.

(/usr/share/texlive/texmf-dist/tex/latex/amsfonts/umsa.fd
File: umsa.fd 2013/01/14 v3.01 AMS symbols A
)
LaTeX Font Info:    Try loading font information for U+msb on input line 20.

(/usr/share/texlive/texmf-dist/tex/latex/amsfonts/umsb.fd
File: umsb.fd 2013/01/14 v3.01 AMS symbols B
) (./doc.toc)
\tf@toc=\write4
\openout4 = `doc.toc'.


Underfull \hbox (badness 10000) in paragraph at lines 26--27

 []


Underfull \hbox (badness 10000) in paragraph at lines 28--29

 []

[1

]
Underfull \hbox (badness 10000) in paragraph at lines 30--31

 []


Underfull \hbox (badness 10000) in paragraph at lines 36--37

 []


Underfull \hbox (badness 10000) in paragraph at lines 40--41

 []


Underfull \hbox (badness 10000) in paragraph at lines 44--45

 []


Underfull \hbox (badness 10000) in paragraph at lines 46--47

 []

[2]
<./walls.png, id=15, 100.4553pt x 192.72pt>
File: ./walls.png Graphic file (type png)
<use ./walls.png>
Package pdftex.def Info: ./walls.png  used on input line 50.
(pdftex.def)             Requested size: 170.71652pt x 327.51965pt.

Underfull \hbox (badness 10000) in paragraph at lines 54--55

 []

<./mirror.png, id=17, 100.4553pt x 192.72pt>
File: ./mirror.png Graphic file (type png)
<use ./mirror.png>
Package pdftex.def Info: ./mirror.png  used on input line 58.
(pdftex.def)             Requested size: 170.71652pt x 327.51965pt.
[3 <./walls.png>]
<./mirror2.png, id=22, 100.4553pt x 192.72pt>
File: ./mirror2.png Graphic file (type png)
<use ./mirror2.png>
Package pdftex.def Info: ./mirror2.png  used on input line 64.
(pdftex.def)             Requested size: 170.71652pt x 327.51965pt.
 [4 <./mirror.png>]
Underfull \hbox (badness 10000) in paragraph at lines 68--69

 []


Underfull \hbox (badness 10000) in paragraph at lines 70--71

 []


Underfull \hbox (badness 10000) in paragraph at lines 72--73

 []

<./mirror3.png, id=27, 100.4553pt x 192.72pt>
File: ./mirror3.png Graphic file (type png)
<use ./mirror3.png>
Package pdftex.def Info: ./mirror3.png  used on input line 76.
(pdftex.def)             Requested size: 170.71652pt x 327.51965pt.
[5 <./mirror2.png>]
Underfull \hbox (badness 10000) in paragraph at lines 80--81

 []


Underfull \hbox (badness 10000) in paragraph at lines 82--83

 []


Underfull \hbox (badness 10000) in paragraph at lines 84--85

 []


Underfull \hbox (badness 10000) in paragraph at lines 86--87

 []


Overfull \hbox (1.52788pt too wide) in paragraph at lines 88--89
[]\OT1/cmr/m/n/12 If the pre-vi-ous hy-poth-e-sis are true, the build-ing is ac
-tu-ally a par-alellepiped
 []


Underfull \hbox (badness 10000) in paragraph at lines 88--89

 []


Underfull \hbox (badness 10000) in paragraph at lines 92--93

 []

[6 <./mirror3.png>]
Underfull \hbox (badness 10000) in paragraph at lines 94--95

 []


Underfull \hbox (badness 10000) in paragraph at lines 96--97

 []


Underfull \hbox (badness 10000) in paragraph at lines 98--99

 []

<./dimension.png, id=37, 100.4553pt x 192.72pt>
File: ./dimension.png Graphic file (type png)
<use ./dimension.png>
Package pdftex.def Info: ./dimension.png  used on input line 102.
(pdftex.def)             Requested size: 148.30975pt x 284.52756pt.

Underfull \hbox (badness 10000) in paragraph at lines 108--109

 []

[7 <./dimension.png>]
<./viewpoint.png, id=43, 100.4553pt x 192.72pt>
File: ./viewpoint.png Graphic file (type png)
<use ./viewpoint.png>
Package pdftex.def Info: ./viewpoint.png  used on input line 112.
(pdftex.def)             Requested size: 148.30975pt x 284.52756pt.

Underfull \hbox (badness 10000) in paragraph at lines 116--117

 []


Underfull \hbox (badness 10000) in paragraph at lines 118--119

 []


Underfull \hbox (badness 10000) in paragraph at lines 120--121

 []


Underfull \hbox (badness 10000) in paragraph at lines 124--125

 []

[8 <./viewpoint.png>] (./XL-51_1.pov)
<./XL-51_1.png, id=48, 376.40625pt x 745.78625pt>
File: ./XL-51_1.png Graphic file (type png)
<use ./XL-51_1.png>
Package pdftex.def Info: ./XL-51_1.png  used on input line 134.
(pdftex.def)             Requested size: 143.60446pt x 284.52756pt.
 [9]
Underfull \hbox (badness 10000) in paragraph at lines 138--139

 []

<./checkDimensionViewPoint_1.png, id=53, 376.40625pt x 745.78625pt>
File: ./checkDimensionViewPoint_1.png Graphic file (type png)
<use ./checkDimensionViewPoint_1.png>
Package pdftex.def Info: ./checkDimensionViewPoint_1.png  used on input line 14
2.
(pdftex.def)             Requested size: 143.60446pt x 284.52756pt.
[10 <./XL-51_1.png>]
Underfull \hbox (badness 10000) in paragraph at lines 146--147

 []


Underfull \hbox (badness 10000) in paragraph at lines 148--149

 []


Underfull \hbox (badness 10000) in paragraph at lines 150--151

 []

(./XL-51_2.pov [11 <./checkDimensionViewPoint_1.png>])
<./XL-51_2.png, id=62, 376.40625pt x 745.78625pt>
File: ./XL-51_2.png Graphic file (type png)
<use ./XL-51_2.png>
Package pdftex.def Info: ./XL-51_2.png  used on input line 161.
(pdftex.def)             Requested size: 143.60446pt x 284.52756pt.
<./checkDimensionViewPoint_2.png, id=63, 93.4692pt x 178.9887pt>
File: ./checkDimensionViewPoint_2.png Graphic file (type png)
<use ./checkDimensionViewPoint_2.png>
Package pdftex.def Info: ./checkDimensionViewPoint_2.png  used on input line 16
2.
(pdftex.def)             Requested size: 148.59819pt x 284.52756pt.
 [12]
Underfull \hbox (badness 10000) in paragraph at lines 166--167

 []

(./XL-51_3.pov [13 <./XL-51_2.png> <./checkDimensionViewPoint_2.png>])
<./XL-51_3.png, id=73, 376.40625pt x 745.78625pt>
File: ./XL-51_3.png Graphic file (type png)
<use ./XL-51_3.png>
Package pdftex.def Info: ./XL-51_3.png  used on input line 177.
(pdftex.def)             Requested size: 143.60446pt x 284.52756pt.
 [14]
Underfull \hbox (badness 10000) in paragraph at lines 181--182

 []


Underfull \hbox (badness 10000) in paragraph at lines 183--184

 []

(./XL-51_4.pov [15 <./XL-51_3.png>])
<./XL-51_4.png, id=81, 376.40625pt x 745.78625pt>
File: ./XL-51_4.png Graphic file (type png)
<use ./XL-51_4.png>
Package pdftex.def Info: ./XL-51_4.png  used on input line 194.
(pdftex.def)             Requested size: 143.60446pt x 284.52756pt.
 [16]
Underfull \hbox (badness 10000) in paragraph at lines 198--199

 []

(./XL-51_5.pov [17 <./XL-51_4.png>])
<./XL-51_5.png, id=89, 376.40625pt x 745.78625pt>
File: ./XL-51_5.png Graphic file (type png)
<use ./XL-51_5.png>
Package pdftex.def Info: ./XL-51_5.png  used on input line 209.
(pdftex.def)             Requested size: 143.60446pt x 284.52756pt.
<./checkDimensionViewPoint_3.png, id=90, 180.675pt x 357.9774pt>
File: ./checkDimensionViewPoint_3.png Graphic file (type png)
<use ./checkDimensionViewPoint_3.png>
Package pdftex.def Info: ./checkDimensionViewPoint_3.png  used on input line 21
0.
(pdftex.def)             Requested size: 143.6056pt x 284.52756pt.
 [18]
Underfull \hbox (badness 10000) in paragraph at lines 214--215

 []

(./XL-51_6.pov [19 <./XL-51_5.png> <./checkDimensionViewPoint_3.png>] [20])
<./XL-51_6.png, id=103, 376.40625pt x 745.78625pt>
File: ./XL-51_6.png Graphic file (type png)
<use ./XL-51_6.png>
Package pdftex.def Info: ./XL-51_6.png  used on input line 225.
(pdftex.def)             Requested size: 143.60446pt x 284.52756pt.

Underfull \hbox (badness 10000) in paragraph at lines 229--230

 []

(./XL-51_7.pov [21 <./XL-51_6.png>] [22])
<./XL-51_7.png, id=111, 376.40625pt x 745.78625pt>
File: ./XL-51_7.png Graphic file (type png)
<use ./XL-51_7.png>
Package pdftex.def Info: ./XL-51_7.png  used on input line 240.
(pdftex.def)             Requested size: 143.60446pt x 284.52756pt.
<./checkDimensionViewPoint_4.png, id=112, 376.40625pt x 745.78625pt>
File: ./checkDimensionViewPoint_4.png Graphic file (type png)
<use ./checkDimensionViewPoint_4.png>
Package pdftex.def Info: ./checkDimensionViewPoint_4.png  used on input line 24
1.
(pdftex.def)             Requested size: 143.60446pt x 284.52756pt.
 [23]
Underfull \hbox (badness 10000) in paragraph at lines 245--246

 []

(./XL-51_8.pov [24 <./XL-51_7.png> <./checkDimensionViewPoint_4.png>] [25])
<./XL-51_8.png, id=125, 376.40625pt x 745.78625pt>
File: ./XL-51_8.png Graphic file (type png)
<use ./XL-51_8.png>
Package pdftex.def Info: ./XL-51_8.png  used on input line 256.
(pdftex.def)             Requested size: 143.60446pt x 284.52756pt.

[26]
Underfull \hbox (badness 10000) in paragraph at lines 260--261

 []

(./XL-51_9.pov [27 <./XL-51_8.png>] [28] [29]) [30]
<./XL-51_9.png, id=142, 376.40625pt x 745.78625pt>
File: ./XL-51_9.png Graphic file (type png)
<use ./XL-51_9.png>
Package pdftex.def Info: ./XL-51_9.png  used on input line 271.
(pdftex.def)             Requested size: 143.60446pt x 284.52756pt.

Underfull \hbox (badness 10000) in paragraph at lines 275--276

 []


Underfull \hbox (badness 10000) in paragraph at lines 277--278

 []


Underfull \hbox (badness 10000) in paragraph at lines 283--284

 []

(./block_1.pov [31 <./XL-51_9.png>] [32])
<./block_1.png, id=151, 803.0pt x 642.4pt>
File: ./block_1.png Graphic file (type png)
<use ./block_1.png>
Package pdftex.def Info: ./block_1.png  used on input line 294.
(pdftex.def)             Requested size: 170.71652pt x 136.57436pt.

Underfull \hbox (badness 10000) in paragraph at lines 300--301

 []


Underfull \hbox (badness 10000) in paragraph at lines 302--305

 []

(./blocks_1.inc [33 <./block_1.png>])
Underfull \hbox (badness 10000) in paragraph at lines 309--312

 []

(./clean_prototype.pov [34] [35] [36] [37] [38])
<./clean_prototype.png, id=172, 376.40625pt x 745.78625pt>
File: ./clean_prototype.png Graphic file (type png)
<use ./clean_prototype.png>
Package pdftex.def Info: ./clean_prototype.png  used on input line 319.
(pdftex.def)             Requested size: 170.71652pt x 338.2522pt.
 [39]
Underfull \hbox (badness 10000) in paragraph at lines 325--326

 []


Underfull \hbox (badness 10000) in paragraph at lines 327--330

 []

(./blocks_2.inc [40 <./clean_prototype.png>] [41])
Underfull \hbox (badness 10000) in paragraph at lines 334--337

 []

(./XL-51_10.pov [42] [43] [44] [45] [46] [47])
<./XL-51_10.png, id=202, 376.40625pt x 745.78625pt>
File: ./XL-51_10.png Graphic file (type png)
<use ./XL-51_10.png>
Package pdftex.def Info: ./XL-51_10.png  used on input line 344.
(pdftex.def)             Requested size: 170.71652pt x 338.2522pt.
 [48 <./XL-51_10.png>]
Underfull \hbox (badness 10000) in paragraph at lines 348--349

 []


Underfull \hbox (badness 10000) in paragraph at lines 350--351

 []

<./inconsistency_1.png, id=207, 211.2693pt x 180.1932pt>
File: ./inconsistency_1.png Graphic file (type png)
<use ./inconsistency_1.png>
Package pdftex.def Info: ./inconsistency_1.png  used on input line 355.
(pdftex.def)             Requested size: 170.71652pt x 145.60649pt.

Underfull \hbox (badness 10000) in paragraph at lines 359--360

 []

<./inconsistency_2.png, id=208, 340.1508pt x 213.1965pt>
File: ./inconsistency_2.png Graphic file (type png)
<use ./inconsistency_2.png>
Package pdftex.def Info: ./inconsistency_2.png  used on input line 364.
(pdftex.def)             Requested size: 170.71652pt x 107.00136pt.
[49 <./inconsistency_1.png> <./inconsistency_2.png>] (./doc.aux) ) 
Here is how much of TeX's memory you used:
 13724 strings out of 493765
 263939 string characters out of 6151500
 450781 words of memory out of 5000000
 16918 multiletter control sequences out of 15000+600000
 12918 words of font info for 50 fonts, out of 8000000 for 9000
 622 hyphenation exceptions out of 8191
 55i,6n,54p,455b,1469s stack positions out of 5000i,500n,10000p,200000b,80000s
</usr/share/t
exlive/texmf-dist/fonts/type1/public/amsfonts/cm/cmbx12.pfb></usr/share/texlive
/texmf-dist/fonts/type1/public/amsfonts/cm/cmr12.pfb></usr/share/texlive/texmf-
dist/fonts/type1/public/amsfonts/cm/cmr17.pfb></usr/share/texlive/texmf-dist/fo
nts/type1/public/amsfonts/cm/cmti12.pfb></usr/share/texlive/texmf-dist/fonts/ty
pe1/public/amsfonts/cm/cmtt8.pfb>

pdfTeX warning: pdflatex: no GlyphToUnicode entry has been inserted yet!
Output written on doc.pdf (49 pages, 14000315 bytes).
PDF statistics:
 236 PDF objects out of 1000 (max. 8388607)
 130 compressed objects within 2 object streams
 0 named destinations out of 1000 (max. 500000)
 133 words of extra memory for PDF output out of 10000 (max. 10000000)

